<?xml version="1.0" encoding="UTF-8"?>
<testng-results skipped="0" failed="0" ignored="0" total="1" passed="1">
  <reporter-output>
  </reporter-output>
  <suite name="Default suite" duration-ms="37142" started-at="2017-08-15T02:20:53Z" finished-at="2017-08-15T02:21:30Z">
    <groups>
    </groups>
    <test name="Default test" duration-ms="37142" started-at="2017-08-15T02:20:53Z" finished-at="2017-08-15T02:21:30Z">
      <class name="botFarm.com.Github.ExecuteLoginPage">
        <test-method status="PASS" signature="run()[pri:0, instance:botFarm.com.Github.ExecuteLoginPage@3532ec19]" name="run" duration-ms="37122" started-at="2017-08-14T22:20:53Z" finished-at="2017-08-14T22:21:30Z">
          <reporter-output>
          </reporter-output>
        </test-method> <!-- run -->
      </class> <!-- botFarm.com.Github.ExecuteLoginPage -->
    </test> <!-- Default test -->
  </suite> <!-- Default suite -->
</testng-results>
