<?xml version="1.0" encoding="UTF-8"?>
<testng-results skipped="0" failed="0" ignored="0" total="1" passed="1">
  <reporter-output>
  </reporter-output>
  <suite name="Default suite" duration-ms="2558" started-at="2017-08-15T00:51:25Z" finished-at="2017-08-15T00:51:27Z">
    <groups>
    </groups>
    <test name="Default test" duration-ms="2558" started-at="2017-08-15T00:51:25Z" finished-at="2017-08-15T00:51:27Z">
      <class name="botFarm.com.Github.ExecuteLoginPage">
        <test-method status="PASS" signature="executeLogin()[pri:0, instance:botFarm.com.Github.ExecuteLoginPage@3532ec19]" name="executeLogin" duration-ms="2540" started-at="2017-08-14T20:51:25Z" finished-at="2017-08-14T20:51:27Z">
          <reporter-output>
          </reporter-output>
        </test-method> <!-- executeLogin -->
      </class> <!-- botFarm.com.Github.ExecuteLoginPage -->
    </test> <!-- Default test -->
  </suite> <!-- Default suite -->
</testng-results>
